# JRE version: OpenJDK Runtime Environment (17.0.11) (build 17.0.11+0--11852314)
# Java VM: OpenJDK 64-Bit Server VM (17.0.11+0--11852314, mixed mode, tiered, compressed oops, compressed class ptrs, g1 gc, windows-amd64)
GC Precious Log:
 CPUs: 4 total, 4 available
 Memory: 8072M
 Large Page Support: Disabled
 NUMA Support: Disabled
 Compressed Oops: Enabled (32-bit)
 Heap Region Size: 1M
 Heap Min Capacity: 8M
 Heap Initial Capacity: 128M
 Heap Max Capacity: 2020M
 Pre-touch: Disabled
 Parallel Workers: 4
 Concurrent Workers: 1
 Concurrent Refinement Workers: 4
 Periodic GC: Disabled
Heap:
 garbage-first heap   total 65536K, used 36758K [0x0000000081c00000, 0x0000000100000000)
  region size 1024K, 3 young (3072K), 3 survivors (3072K)
 Metaspace       used 51682K, committed 51904K, reserved 1114112K
  class space    used 6233K, committed 6336K, reserved 1048576K
GC Heap History (20 events):
Event: 2.441 GC heap after
{Heap after GC invocations=3 (full 0):
 garbage-first heap   total 131072K, used 7876K [0x0000000081c00000, 0x0000000100000000)
  region size 1024K, 2 young (2048K), 2 survivors (2048K)
 Metaspace       used 21326K, committed 21504K, reserved 1114112K
  class space    used 2328K, committed 2432K, reserved 1048576K
}
Event: 3.013 GC heap before
{Heap before GC invocations=4 (full 0):
 garbage-first heap   total 34816K, used 27332K [0x0000000081c00000, 0x0000000100000000)
  region size 1024K, 20 young (20480K), 2 survivors (2048K)
 Metaspace       used 23294K, committed 23552K, reserved 1114112K
  class space    used 2818K, committed 2944K, reserved 1048576K
}
Event: 3.036 GC heap after
{Heap after GC invocations=5 (full 0):
 garbage-first heap   total 36864K, used 14651K [0x0000000081c00000, 0x0000000100000000)
  region size 1024K, 3 young (3072K), 3 survivors (3072K)
 Metaspace       used 23294K, committed 23552K, reserved 1114112K
  class space    used 2818K, committed 2944K, reserved 1048576K
}
Event: 3.064 GC heap before
{Heap before GC invocations=5 (full 0):
 garbage-first heap   total 36864K, used 15675K [0x0000000081c00000, 0x0000000100000000)
  region size 1024K, 4 young (4096K), 3 survivors (3072K)
 Metaspace       used 23472K, committed 23680K, reserved 1114112K
  class space    used 2849K, committed 2944K, reserved 1048576K
}
Event: 3.073 GC heap after
{Heap after GC invocations=6 (full 0):
 garbage-first heap   total 36864K, used 15291K [0x0000000081c00000, 0x0000000100000000)
  region size 1024K, 1 young (1024K), 1 survivors (1024K)
 Metaspace       used 23472K, committed 23680K, reserved 1114112K
  class space    used 2849K, committed 2944K, reserved 1048576K
}
Event: 3.480 GC heap before
{Heap before GC invocations=6 (full 0):
 garbage-first heap   total 36864K, used 24507K [0x0000000081c00000, 0x0000000100000000)
  region size 1024K, 11 young (11264K), 1 survivors (1024K)
 Metaspace       used 26821K, committed 27008K, reserved 1114112K
  class space    used 3432K, committed 3520K, reserved 1048576K
}
Event: 3.485 GC heap after
{Heap after GC invocations=7 (full 0):
 garbage-first heap   total 36864K, used 15614K [0x0000000081c00000, 0x0000000100000000)
  region size 1024K, 1 young (1024K), 1 survivors (1024K)
 Metaspace       used 26821K, committed 27008K, reserved 1114112K
  class space    used 3432K, committed 3520K, reserved 1048576K
}
Event: 3.834 GC heap before
{Heap before GC invocations=7 (full 0):
 garbage-first heap   total 36864K, used 25854K [0x0000000081c00000, 0x0000000100000000)
  region size 1024K, 11 young (11264K), 1 survivors (1024K)
 Metaspace       used 28827K, committed 28992K, reserved 1114112K
  class space    used 3649K, committed 3712K, reserved 1048576K
}
Event: 3.841 GC heap after
{Heap after GC invocations=8 (full 0):
 garbage-first heap   total 70656K, used 14793K [0x0000000081c00000, 0x0000000100000000)
  region size 1024K, 2 young (2048K), 2 survivors (2048K)
 Metaspace       used 28827K, committed 28992K, reserved 1114112K
  class space    used 3649K, committed 3712K, reserved 1048576K
}
Event: 4.917 GC heap before
{Heap before GC invocations=8 (full 0):
 garbage-first heap   total 70656K, used 49609K [0x0000000081c00000, 0x0000000100000000)
  region size 1024K, 37 young (37888K), 2 survivors (2048K)
 Metaspace       used 35938K, committed 36096K, reserved 1114112K
  class space    used 4338K, committed 4416K, reserved 1048576K
}
Event: 4.930 GC heap after
{Heap after GC invocations=9 (full 0):
 garbage-first heap   total 70656K, used 17956K [0x0000000081c00000, 0x0000000100000000)
  region size 1024K, 5 young (5120K), 5 survivors (5120K)
 Metaspace       used 35938K, committed 36096K, reserved 1114112K
  class space    used 4338K, committed 4416K, reserved 1048576K
}
Event: 6.120 GC heap before
{Heap before GC invocations=10 (full 0):
 garbage-first heap   total 65536K, used 51748K [0x0000000081c00000, 0x0000000100000000)
  region size 1024K, 36 young (36864K), 5 survivors (5120K)
 Metaspace       used 43060K, committed 43264K, reserved 1114112K
  class space    used 5180K, committed 5248K, reserved 1048576K
}
Event: 6.142 GC heap after
{Heap after GC invocations=11 (full 0):
 garbage-first heap   total 65536K, used 23869K [0x0000000081c00000, 0x0000000100000000)
  region size 1024K, 4 young (4096K), 4 survivors (4096K)
 Metaspace       used 43060K, committed 43264K, reserved 1114112K
  class space    used 5180K, committed 5248K, reserved 1048576K
}
Event: 7.366 GC heap before
{Heap before GC invocations=11 (full 0):
 garbage-first heap   total 65536K, used 46397K [0x0000000081c00000, 0x0000000100000000)
  region size 1024K, 27 young (27648K), 4 survivors (4096K)
 Metaspace       used 49240K, committed 49472K, reserved 1114112K
  class space    used 5962K, committed 6080K, reserved 1048576K
}
Event: 7.378 GC heap after
{Heap after GC invocations=12 (full 0):
 garbage-first heap   total 65536K, used 26183K [0x0000000081c00000, 0x0000000100000000)
  region size 1024K, 3 young (3072K), 3 survivors (3072K)
 Metaspace       used 49240K, committed 49472K, reserved 1114112K
  class space    used 5962K, committed 6080K, reserved 1048576K
}
Event: 8.350 GC heap before
{Heap before GC invocations=12 (full 0):
 garbage-first heap   total 65536K, used 48711K [0x0000000081c00000, 0x0000000100000000)
  region size 1024K, 25 young (25600K), 3 survivors (3072K)
 Metaspace       used 50905K, committed 51200K, reserved 1114112K
  class space    used 6155K, committed 6272K, reserved 1048576K
}
Event: 8.371 GC heap after
{Heap after GC invocations=13 (full 0):
 garbage-first heap   total 65536K, used 31268K [0x0000000081c00000, 0x0000000100000000)
  region size 1024K, 4 young (4096K), 4 survivors (4096K)
 Metaspace       used 50905K, committed 51200K, reserved 1114112K
  class space    used 6155K, committed 6272K, reserved 1048576K
}
Event: 8.515 GC heap before
{Heap before GC invocations=13 (full 0):
 garbage-first heap   total 65536K, used 48676K [0x0000000081c00000, 0x0000000100000000)
  region size 1024K, 21 young (21504K), 4 survivors (4096K)
 Metaspace       used 50956K, committed 51200K, reserved 1114112K
  class space    used 6155K, committed 6272K, reserved 1048576K
}
Event: 8.531 GC heap after
{Heap after GC invocations=14 (full 0):
 garbage-first heap   total 65536K, used 33621K [0x0000000081c00000, 0x0000000100000000)
  region size 1024K, 2 young (2048K), 2 survivors (2048K)
 Metaspace       used 50956K, committed 51200K, reserved 1114112K
  class space    used 6155K, committed 6272K, reserved 1048576K
}
Event: 8.929 GC heap before
{Heap before GC invocations=14 (full 0):
 garbage-first heap   total 65536K, used 48981K [0x0000000081c00000, 0x0000000100000000)
  region size 1024K, 17 young (17408K), 2 survivors (2048K)
 Metaspace       used 51682K, committed 51904K, reserved 1114112K
  class space    used 6233K, committed 6336K, reserved 1048576K
}

